<?xml version="1.0" encoding="UTF-8"?>
<testsuite xmlns:xsi="http://www.w3.org/2001/XMLSchema-instance" xsi:noNamespaceSchemaLocation="https://maven.apache.org/surefire/maven-surefire-plugin/xsd/surefire-test-report-3.0.xsd" version="3.0" name="com.ecobrain.plugin.PricingSimulationTest" time="0.007" tests="4" errors="0" skipped="0" failures="0">
  <properties>
[...]
</properties>
  <testcase name="test4_GlutDumpDepreciation" classname="com.ecobrain.plugin.PricingSimulationTest" time="0.003">
    <system-out><![CDATA[[Test 4] 倾销 500 个总收益: 16982.208591134757, 平均单价: 33.964417182269514
]]></system-out>
  </testcase>
  <testcase name="test3_KFactorElasticity" classname="com.ecobrain.plugin.PricingSimulationTest" time="0.001">
    <system-out><![CDATA[[Test 3] 缺货时买1个 (k=0.5): 3333.3333333333335
[Test 3] 缺货时买1个 (k=2.0): 123456.79012345678
]]></system-out>
  </testcase>
  <testcase name="test2_The5PercentSpreadLoss" classname="com.ecobrain.plugin.PricingSimulationTest" time="0.001">
    <system-out><![CDATA[[Test 2] 买入花费: 1059.1802590221582, 立即卖出获得: 995.6656905154947 (净亏损: 63.51456850666352)
]]></system-out>
  </testcase>
  <testcase name="test1_SlippageEquality" classname="com.ecobrain.plugin.PricingSimulationTest" time="0.001">
    <system-out><![CDATA[[Test 1] 滑点公平性验证通过。买10个花费: 1059.1802590221582
]]></system-out>
  </testcase>
</testsuite>